<?xml version="1.0" encoding="UTF-8" ?>
<testsuite failures="0" time="0.028" errors="0" skipped="0" tests="18" name="calc.project.AppTest">
  <properties>
[...]
</properties>
  <testcase time="0.006" classname="calc.project.AppTest" name="fTest"/>
  <testcase time="0.001" classname="calc.project.AppTest" name="functionTest1"/>
  <testcase time="0" classname="calc.project.AppTest" name="functionTest2"/>
  <testcase time="0" classname="calc.project.AppTest" name="getTest"/>
  <testcase time="0" classname="calc.project.AppTest" name="getPriorityTest"/>
  <testcase time="0" classname="calc.project.AppTest" name="getPriorityTestException"/>
  <testcase time="0" classname="calc.project.AppTest" name="getResultOfTest"/>
  <testcase time="0" classname="calc.project.AppTest" name="getResultOfTestException1"/>
  <testcase time="0" classname="calc.project.AppTest" name="getResultOfTestException2"/>
  <testcase time="0.001" classname="calc.project.AppTest" name="inputTest"/>
  <testcase time="0" classname="calc.project.AppTest" name="isCloseParenthesisTest"/>
  <testcase time="0" classname="calc.project.AppTest" name="isDot"/>
  <testcase time="0" classname="calc.project.AppTest" name="isOpenParenthesisTest"/>
  <testcase time="0" classname="calc.project.AppTest" name="isOperationTest"/>
  <testcase time="0" classname="calc.project.AppTest" name="isParenthesisTest"/>
  <testcase time="0" classname="calc.project.AppTest" name="isShowStepsTest"/>
  <testcase time="0" classname="calc.project.AppTest" name="parseTest"/>
  <testcase time="0" classname="calc.project.AppTest" name="setTest"/>
</testsuite>